<testsuite failures="1" name="users/users.feature" skipped="0" tests="5" time="13.285371">
  <testcase classname="users.users" name="CREAR UN USUARIO" time="3.25125">
    <system-out>* url baseURL ............................................................. passed
* def createUserRequestFilePath = "jsonpayload/createUser.json" ........... passed
* def createUserResponseFilePath = "jsonpayload/createUserResponse.json" .. passed
* def getUserResponseFilePath = "jsonpayload/getUser.json" ................ passed
* def updateUserRequestFilePath = "jsonpayload/updateUser.json" ........... passed
* def updateUserResponseFilePath = "jsonpayload/updateUserResponse.json" .. passed
* def testUser = 'arm997' ................................................. passed
* def testFirstName = 'Armando' ........................................... passed
* def testLastName = 'Maldonado' .......................................... passed
* def testEmail = 'testbrumi@gmail.com' ................................... passed
* def testPassword = 'test' ............................................... passed
* def testPhone = '0989849189' ............................................ passed
* def testId = 1789452603 ................................................. passed
* def testFirstNameUpdate = 'Update' ...................................... passed
* def testEmailUpdate = 'update@gmail.com' ................................ passed
Given path '/user' ........................................................ passed
And def reqBody = read(createUserRequestFilePath) ......................... passed
And def resBody = read(createUserResponseFilePath) ........................ passed
And set reqBody ........................................................... passed
And request reqBody ....................................................... passed
When method POST .......................................................... passed
Then status 200 ........................................................... passed
And match response == resBody ............................................. passed
And print response ........................................................ passed</system-out>
  </testcase>
  <testcase classname="users.users" name="OBTENER EL USUARIO CREADO" time="3.249242">
    <failure message="users.feature:47 - status code was: 404, expected: 200, response time: 2094, url: https://petstore.swagger.io/v2/user/arm997, response: {&quot;code&quot;:1,&quot;type&quot;:&quot;error&quot;,&quot;message&quot;:&quot;User not found&quot;}">* url baseURL ............................................................. passed
* def createUserRequestFilePath = "jsonpayload/createUser.json" ........... passed
* def createUserResponseFilePath = "jsonpayload/createUserResponse.json" .. passed
* def getUserResponseFilePath = "jsonpayload/getUser.json" ................ passed
* def updateUserRequestFilePath = "jsonpayload/updateUser.json" ........... passed
* def updateUserResponseFilePath = "jsonpayload/updateUserResponse.json" .. passed
* def testUser = 'arm997' ................................................. passed
* def testFirstName = 'Armando' ........................................... passed
* def testLastName = 'Maldonado' .......................................... passed
* def testEmail = 'testbrumi@gmail.com' ................................... passed
* def testPassword = 'test' ............................................... passed
* def testPhone = '0989849189' ............................................ passed
* def testId = 1789452603 ................................................. passed
* def testFirstNameUpdate = 'Update' ...................................... passed
* def testEmailUpdate = 'update@gmail.com' ................................ passed
Given path '/user' ........................................................ passed
And def reqBody = read(createUserRequestFilePath) ......................... passed
And def resBody = read(createUserResponseFilePath) ........................ passed
And set reqBody ........................................................... passed
And request reqBody ....................................................... passed
When method POST .......................................................... passed
Then status 200 ........................................................... passed
And match response == resBody ............................................. passed
And print response ........................................................ passed
* url baseURL ............................................................. passed
* def createUserRequestFilePath = "jsonpayload/createUser.json" ........... passed
* def createUserResponseFilePath = "jsonpayload/createUserResponse.json" .. passed
* def getUserResponseFilePath = "jsonpayload/getUser.json" ................ passed
* def updateUserRequestFilePath = "jsonpayload/updateUser.json" ........... passed
* def updateUserResponseFilePath = "jsonpayload/updateUserResponse.json" .. passed
* def testUser = 'arm997' ................................................. passed
* def testFirstName = 'Armando' ........................................... passed
* def testLastName = 'Maldonado' .......................................... passed
* def testEmail = 'testbrumi@gmail.com' ................................... passed
* def testPassword = 'test' ............................................... passed
* def testPhone = '0989849189' ............................................ passed
* def testId = 1789452603 ................................................. passed
* def testFirstNameUpdate = 'Update' ...................................... passed
* def testEmailUpdate = 'update@gmail.com' ................................ passed
Given path '/user/'+testUser .............................................. passed
And def resBody = read(getUserResponseFilePath) ........................... passed
When method GET ........................................................... passed
Then status 200 ........................................................... failed

Stack Trace:
com.intuit.karate.exception.KarateException: users.feature:47 - status code was: 404, expected: 200, response time: 2094, url: https://petstore.swagger.io/v2/user/arm997, response: {"code":1,"type":"error","message":"User not found"}&#13;
	at ✽.Then status 200 (users.feature:47)&#13;

And match response == resBody ............................................. skipped
And match $.username == testUser .......................................... skipped
And match $.firstName == testFirstName .................................... skipped
And match $.lastName == testLastName ...................................... skipped
And match $.phone == testPhone ............................................ skipped
And match $.email == testEmail ............................................ skipped
And match $.id == testId .................................................. skipped
And print response ........................................................ skipped</failure>
  </testcase>
  <testcase classname="users.users" name="ACTUALIZAR USUARIO" time="3.251089">
    <system-out>* url baseURL ............................................................. passed
* def createUserRequestFilePath = "jsonpayload/createUser.json" ........... passed
* def createUserResponseFilePath = "jsonpayload/createUserResponse.json" .. passed
* def getUserResponseFilePath = "jsonpayload/getUser.json" ................ passed
* def updateUserRequestFilePath = "jsonpayload/updateUser.json" ........... passed
* def updateUserResponseFilePath = "jsonpayload/updateUserResponse.json" .. passed
* def testUser = 'arm997' ................................................. passed
* def testFirstName = 'Armando' ........................................... passed
* def testLastName = 'Maldonado' .......................................... passed
* def testEmail = 'testbrumi@gmail.com' ................................... passed
* def testPassword = 'test' ............................................... passed
* def testPhone = '0989849189' ............................................ passed
* def testId = 1789452603 ................................................. passed
* def testFirstNameUpdate = 'Update' ...................................... passed
* def testEmailUpdate = 'update@gmail.com' ................................ passed
Given path '/user' ........................................................ passed
And def reqBody = read(createUserRequestFilePath) ......................... passed
And def resBody = read(createUserResponseFilePath) ........................ passed
And set reqBody ........................................................... passed
And request reqBody ....................................................... passed
When method POST .......................................................... passed
Then status 200 ........................................................... passed
And match response == resBody ............................................. passed
And print response ........................................................ passed
* url baseURL ............................................................. passed
* def createUserRequestFilePath = "jsonpayload/createUser.json" ........... passed
* def createUserResponseFilePath = "jsonpayload/createUserResponse.json" .. passed
* def getUserResponseFilePath = "jsonpayload/getUser.json" ................ passed
* def updateUserRequestFilePath = "jsonpayload/updateUser.json" ........... passed
* def updateUserResponseFilePath = "jsonpayload/updateUserResponse.json" .. passed
* def testUser = 'arm997' ................................................. passed
* def testFirstName = 'Armando' ........................................... passed
* def testLastName = 'Maldonado' .......................................... passed
* def testEmail = 'testbrumi@gmail.com' ................................... passed
* def testPassword = 'test' ............................................... passed
* def testPhone = '0989849189' ............................................ passed
* def testId = 1789452603 ................................................. passed
* def testFirstNameUpdate = 'Update' ...................................... passed
* def testEmailUpdate = 'update@gmail.com' ................................ passed
Given path '/user/'+testUser .............................................. passed
And def resBody = read(getUserResponseFilePath) ........................... passed
When method GET ........................................................... passed
Then status 200 ........................................................... failed

Stack Trace:
com.intuit.karate.exception.KarateException: users.feature:47 - status code was: 404, expected: 200, response time: 2094, url: https://petstore.swagger.io/v2/user/arm997, response: {"code":1,"type":"error","message":"User not found"}&#13;
	at ✽.Then status 200 (users.feature:47)&#13;

And match response == resBody ............................................. skipped
And match $.username == testUser .......................................... skipped
And match $.firstName == testFirstName .................................... skipped
And match $.lastName == testLastName ...................................... skipped
And match $.phone == testPhone ............................................ skipped
And match $.email == testEmail ............................................ skipped
And match $.id == testId .................................................. skipped
And print response ........................................................ skipped
* url baseURL ............................................................. passed
* def createUserRequestFilePath = "jsonpayload/createUser.json" ........... passed
* def createUserResponseFilePath = "jsonpayload/createUserResponse.json" .. passed
* def getUserResponseFilePath = "jsonpayload/getUser.json" ................ passed
* def updateUserRequestFilePath = "jsonpayload/updateUser.json" ........... passed
* def updateUserResponseFilePath = "jsonpayload/updateUserResponse.json" .. passed
* def testUser = 'arm997' ................................................. passed
* def testFirstName = 'Armando' ........................................... passed
* def testLastName = 'Maldonado' .......................................... passed
* def testEmail = 'testbrumi@gmail.com' ................................... passed
* def testPassword = 'test' ............................................... passed
* def testPhone = '0989849189' ............................................ passed
* def testId = 1789452603 ................................................. passed
* def testFirstNameUpdate = 'Update' ...................................... passed
* def testEmailUpdate = 'update@gmail.com' ................................ passed
Given path '/user/'+testUser .............................................. passed
And def reqBody = read(updateUserRequestFilePath) ......................... passed
And def resBody = read(updateUserResponseFilePath) ........................ passed
And set reqBody ........................................................... passed
And request reqBody ....................................................... passed
When method PUT ........................................................... passed
Then status 200 ........................................................... passed
And match response == resBody ............................................. passed
And print response ........................................................ passed</system-out>
  </testcase>
  <testcase classname="users.users" name="OBTENER EL USUARIO ACTUALIZADO" time="3.248708">
    <system-out>* url baseURL ............................................................. passed
* def createUserRequestFilePath = "jsonpayload/createUser.json" ........... passed
* def createUserResponseFilePath = "jsonpayload/createUserResponse.json" .. passed
* def getUserResponseFilePath = "jsonpayload/getUser.json" ................ passed
* def updateUserRequestFilePath = "jsonpayload/updateUser.json" ........... passed
* def updateUserResponseFilePath = "jsonpayload/updateUserResponse.json" .. passed
* def testUser = 'arm997' ................................................. passed
* def testFirstName = 'Armando' ........................................... passed
* def testLastName = 'Maldonado' .......................................... passed
* def testEmail = 'testbrumi@gmail.com' ................................... passed
* def testPassword = 'test' ............................................... passed
* def testPhone = '0989849189' ............................................ passed
* def testId = 1789452603 ................................................. passed
* def testFirstNameUpdate = 'Update' ...................................... passed
* def testEmailUpdate = 'update@gmail.com' ................................ passed
Given path '/user' ........................................................ passed
And def reqBody = read(createUserRequestFilePath) ......................... passed
And def resBody = read(createUserResponseFilePath) ........................ passed
And set reqBody ........................................................... passed
And request reqBody ....................................................... passed
When method POST .......................................................... passed
Then status 200 ........................................................... passed
And match response == resBody ............................................. passed
And print response ........................................................ passed
* url baseURL ............................................................. passed
* def createUserRequestFilePath = "jsonpayload/createUser.json" ........... passed
* def createUserResponseFilePath = "jsonpayload/createUserResponse.json" .. passed
* def getUserResponseFilePath = "jsonpayload/getUser.json" ................ passed
* def updateUserRequestFilePath = "jsonpayload/updateUser.json" ........... passed
* def updateUserResponseFilePath = "jsonpayload/updateUserResponse.json" .. passed
* def testUser = 'arm997' ................................................. passed
* def testFirstName = 'Armando' ........................................... passed
* def testLastName = 'Maldonado' .......................................... passed
* def testEmail = 'testbrumi@gmail.com' ................................... passed
* def testPassword = 'test' ............................................... passed
* def testPhone = '0989849189' ............................................ passed
* def testId = 1789452603 ................................................. passed
* def testFirstNameUpdate = 'Update' ...................................... passed
* def testEmailUpdate = 'update@gmail.com' ................................ passed
Given path '/user/'+testUser .............................................. passed
And def resBody = read(getUserResponseFilePath) ........................... passed
When method GET ........................................................... passed
Then status 200 ........................................................... failed

Stack Trace:
com.intuit.karate.exception.KarateException: users.feature:47 - status code was: 404, expected: 200, response time: 2094, url: https://petstore.swagger.io/v2/user/arm997, response: {"code":1,"type":"error","message":"User not found"}&#13;
	at ✽.Then status 200 (users.feature:47)&#13;

And match response == resBody ............................................. skipped
And match $.username == testUser .......................................... skipped
And match $.firstName == testFirstName .................................... skipped
And match $.lastName == testLastName ...................................... skipped
And match $.phone == testPhone ............................................ skipped
And match $.email == testEmail ............................................ skipped
And match $.id == testId .................................................. skipped
And print response ........................................................ skipped
* url baseURL ............................................................. passed
* def createUserRequestFilePath = "jsonpayload/createUser.json" ........... passed
* def createUserResponseFilePath = "jsonpayload/createUserResponse.json" .. passed
* def getUserResponseFilePath = "jsonpayload/getUser.json" ................ passed
* def updateUserRequestFilePath = "jsonpayload/updateUser.json" ........... passed
* def updateUserResponseFilePath = "jsonpayload/updateUserResponse.json" .. passed
* def testUser = 'arm997' ................................................. passed
* def testFirstName = 'Armando' ........................................... passed
* def testLastName = 'Maldonado' .......................................... passed
* def testEmail = 'testbrumi@gmail.com' ................................... passed
* def testPassword = 'test' ............................................... passed
* def testPhone = '0989849189' ............................................ passed
* def testId = 1789452603 ................................................. passed
* def testFirstNameUpdate = 'Update' ...................................... passed
* def testEmailUpdate = 'update@gmail.com' ................................ passed
Given path '/user/'+testUser .............................................. passed
And def reqBody = read(updateUserRequestFilePath) ......................... passed
And def resBody = read(updateUserResponseFilePath) ........................ passed
And set reqBody ........................................................... passed
And request reqBody ....................................................... passed
When method PUT ........................................................... passed
Then status 200 ........................................................... passed
And match response == resBody ............................................. passed
And print response ........................................................ passed
* url baseURL ............................................................. passed
* def createUserRequestFilePath = "jsonpayload/createUser.json" ........... passed
* def createUserResponseFilePath = "jsonpayload/createUserResponse.json" .. passed
* def getUserResponseFilePath = "jsonpayload/getUser.json" ................ passed
* def updateUserRequestFilePath = "jsonpayload/updateUser.json" ........... passed
* def updateUserResponseFilePath = "jsonpayload/updateUserResponse.json" .. passed
* def testUser = 'arm997' ................................................. passed
* def testFirstName = 'Armando' ........................................... passed
* def testLastName = 'Maldonado' .......................................... passed
* def testEmail = 'testbrumi@gmail.com' ................................... passed
* def testPassword = 'test' ............................................... passed
* def testPhone = '0989849189' ............................................ passed
* def testId = 1789452603 ................................................. passed
* def testFirstNameUpdate = 'Update' ...................................... passed
* def testEmailUpdate = 'update@gmail.com' ................................ passed
Given path '/user/'+testUser .............................................. passed
And def resBody = read(getUserResponseFilePath) ........................... passed
When method GET ........................................................... passed
Then status 200 ........................................................... passed</system-out>
  </testcase>
  <testcase classname="users.users" name="ELIMINAR USUARIO" time="0.285082">
    <system-out>* url baseURL ............................................................. passed
* def createUserRequestFilePath = "jsonpayload/createUser.json" ........... passed
* def createUserResponseFilePath = "jsonpayload/createUserResponse.json" .. passed
* def getUserResponseFilePath = "jsonpayload/getUser.json" ................ passed
* def updateUserRequestFilePath = "jsonpayload/updateUser.json" ........... passed
* def updateUserResponseFilePath = "jsonpayload/updateUserResponse.json" .. passed
* def testUser = 'arm997' ................................................. passed
* def testFirstName = 'Armando' ........................................... passed
* def testLastName = 'Maldonado' .......................................... passed
* def testEmail = 'testbrumi@gmail.com' ................................... passed
* def testPassword = 'test' ............................................... passed
* def testPhone = '0989849189' ............................................ passed
* def testId = 1789452603 ................................................. passed
* def testFirstNameUpdate = 'Update' ...................................... passed
* def testEmailUpdate = 'update@gmail.com' ................................ passed
Given path '/user' ........................................................ passed
And def reqBody = read(createUserRequestFilePath) ......................... passed
And def resBody = read(createUserResponseFilePath) ........................ passed
And set reqBody ........................................................... passed
And request reqBody ....................................................... passed
When method POST .......................................................... passed
Then status 200 ........................................................... passed
And match response == resBody ............................................. passed
And print response ........................................................ passed
* url baseURL ............................................................. passed
* def createUserRequestFilePath = "jsonpayload/createUser.json" ........... passed
* def createUserResponseFilePath = "jsonpayload/createUserResponse.json" .. passed
* def getUserResponseFilePath = "jsonpayload/getUser.json" ................ passed
* def updateUserRequestFilePath = "jsonpayload/updateUser.json" ........... passed
* def updateUserResponseFilePath = "jsonpayload/updateUserResponse.json" .. passed
* def testUser = 'arm997' ................................................. passed
* def testFirstName = 'Armando' ........................................... passed
* def testLastName = 'Maldonado' .......................................... passed
* def testEmail = 'testbrumi@gmail.com' ................................... passed
* def testPassword = 'test' ............................................... passed
* def testPhone = '0989849189' ............................................ passed
* def testId = 1789452603 ................................................. passed
* def testFirstNameUpdate = 'Update' ...................................... passed
* def testEmailUpdate = 'update@gmail.com' ................................ passed
Given path '/user/'+testUser .............................................. passed
And def resBody = read(getUserResponseFilePath) ........................... passed
When method GET ........................................................... passed
Then status 200 ........................................................... failed

Stack Trace:
com.intuit.karate.exception.KarateException: users.feature:47 - status code was: 404, expected: 200, response time: 2094, url: https://petstore.swagger.io/v2/user/arm997, response: {"code":1,"type":"error","message":"User not found"}&#13;
	at ✽.Then status 200 (users.feature:47)&#13;

And match response == resBody ............................................. skipped
And match $.username == testUser .......................................... skipped
And match $.firstName == testFirstName .................................... skipped
And match $.lastName == testLastName ...................................... skipped
And match $.phone == testPhone ............................................ skipped
And match $.email == testEmail ............................................ skipped
And match $.id == testId .................................................. skipped
And print response ........................................................ skipped
* url baseURL ............................................................. passed
* def createUserRequestFilePath = "jsonpayload/createUser.json" ........... passed
* def createUserResponseFilePath = "jsonpayload/createUserResponse.json" .. passed
* def getUserResponseFilePath = "jsonpayload/getUser.json" ................ passed
* def updateUserRequestFilePath = "jsonpayload/updateUser.json" ........... passed
* def updateUserResponseFilePath = "jsonpayload/updateUserResponse.json" .. passed
* def testUser = 'arm997' ................................................. passed
* def testFirstName = 'Armando' ........................................... passed
* def testLastName = 'Maldonado' .......................................... passed
* def testEmail = 'testbrumi@gmail.com' ................................... passed
* def testPassword = 'test' ............................................... passed
* def testPhone = '0989849189' ............................................ passed
* def testId = 1789452603 ................................................. passed
* def testFirstNameUpdate = 'Update' ...................................... passed
* def testEmailUpdate = 'update@gmail.com' ................................ passed
Given path '/user/'+testUser .............................................. passed
And def reqBody = read(updateUserRequestFilePath) ......................... passed
And def resBody = read(updateUserResponseFilePath) ........................ passed
And set reqBody ........................................................... passed
And request reqBody ....................................................... passed
When method PUT ........................................................... passed
Then status 200 ........................................................... passed
And match response == resBody ............................................. passed
And print response ........................................................ passed
* url baseURL ............................................................. passed
* def createUserRequestFilePath = "jsonpayload/createUser.json" ........... passed
* def createUserResponseFilePath = "jsonpayload/createUserResponse.json" .. passed
* def getUserResponseFilePath = "jsonpayload/getUser.json" ................ passed
* def updateUserRequestFilePath = "jsonpayload/updateUser.json" ........... passed
* def updateUserResponseFilePath = "jsonpayload/updateUserResponse.json" .. passed
* def testUser = 'arm997' ................................................. passed
* def testFirstName = 'Armando' ........................................... passed
* def testLastName = 'Maldonado' .......................................... passed
* def testEmail = 'testbrumi@gmail.com' ................................... passed
* def testPassword = 'test' ............................................... passed
* def testPhone = '0989849189' ............................................ passed
* def testId = 1789452603 ................................................. passed
* def testFirstNameUpdate = 'Update' ...................................... passed
* def testEmailUpdate = 'update@gmail.com' ................................ passed
Given path '/user/'+testUser .............................................. passed
And def resBody = read(getUserResponseFilePath) ........................... passed
When method GET ........................................................... passed
Then status 200 ........................................................... passed
* url baseURL ............................................................. passed
* def createUserRequestFilePath = "jsonpayload/createUser.json" ........... passed
* def createUserResponseFilePath = "jsonpayload/createUserResponse.json" .. passed
* def getUserResponseFilePath = "jsonpayload/getUser.json" ................ passed
* def updateUserRequestFilePath = "jsonpayload/updateUser.json" ........... passed
* def updateUserResponseFilePath = "jsonpayload/updateUserResponse.json" .. passed
* def testUser = 'arm997' ................................................. passed
* def testFirstName = 'Armando' ........................................... passed
* def testLastName = 'Maldonado' .......................................... passed
* def testEmail = 'testbrumi@gmail.com' ................................... passed
* def testPassword = 'test' ............................................... passed
* def testPhone = '0989849189' ............................................ passed
* def testId = 1789452603 ................................................. passed
* def testFirstNameUpdate = 'Update' ...................................... passed
* def testEmailUpdate = 'update@gmail.com' ................................ passed
Given path '/user/'+testUser .............................................. passed
And def resBody = read(getUserResponseFilePath) ........................... passed
When method DELETE ........................................................ passed
Then status 200 ........................................................... passed</system-out>
  </testcase>
</testsuite>
